[0412/001749.276:ERROR:process_info.cc(329)] VirtualQueryEx: Access is denied. (0x5)
[0412/001749.277:ERROR:process_info.cc(556)] ReadMemoryInfo failed
[0412/001749.278:ERROR:process_memory_win.cc(39)] Failed to initialize ProcessInfo.
[0412/001749.278:ERROR:scoped_process_suspend.cc(40)] NtResumeProcess: An attempt was made to access an exiting process. (0xc000010a)
[0412/002951.992:ERROR:process_info.cc(329)] VirtualQueryEx: Access is denied. (0x5)
[0412/002951.992:ERROR:process_info.cc(556)] ReadMemoryInfo failed
[0412/002951.992:ERROR:scoped_process_suspend.cc(40)] NtResumeProcess: An attempt was made to access an exiting process. (0xc000010a)
[0412/003012.976:ERROR:process_info.cc(329)] VirtualQueryEx: Access is denied. (0x5)
[0412/003012.977:ERROR:process_info.cc(556)] ReadMemoryInfo failed
[0412/003012.977:ERROR:process_memory_win.cc(39)] Failed to initialize ProcessInfo.
[0412/003012.977:ERROR:scoped_process_suspend.cc(40)] NtResumeProcess: An attempt was made to access an exiting process. (0xc000010a)
[0412/003042.349:ERROR:process_info.cc(329)] VirtualQueryEx: Access is denied. (0x5)
[0412/003042.349:ERROR:process_info.cc(556)] ReadMemoryInfo failed
[0412/003042.349:ERROR:process_memory_win.cc(39)] Failed to initialize ProcessInfo.
[0412/003042.349:ERROR:scoped_process_suspend.cc(40)] NtResumeProcess: An attempt was made to access an exiting process. (0xc000010a)
[0412/003908.360:ERROR:process_reader_win.cc(151)] SuspendThread: Access is denied. (0x5)
[0412/003908.360:ERROR:exception_snapshot_win.cc(98)] thread ID 12048 not found in process
[0412/003908.360:ERROR:scoped_process_suspend.cc(40)] NtResumeProcess: An attempt was made to access an exiting process. (0xc000010a)
[0412/004001.157:ERROR:process_info.cc(329)] VirtualQueryEx: Access is denied. (0x5)
[0412/004001.157:ERROR:process_info.cc(556)] ReadMemoryInfo failed
[0412/004001.157:ERROR:process_memory_win.cc(39)] Failed to initialize ProcessInfo.
[0412/004001.157:ERROR:scoped_process_suspend.cc(40)] NtResumeProcess: An attempt was made to access an exiting process. (0xc000010a)
